0 info it worked if it ends with ok
1 verbose cli [ '/Users/raiden.kaneda/.nvm/versions/node/v6.10.3/bin/node',
1 verbose cli   '/Users/raiden.kaneda/.nvm/versions/node/v6.10.3/bin/npm',
1 verbose cli   'run',
1 verbose cli   'start' ]
2 info using npm@3.8.9
3 info using node@v6.10.3
4 verbose run-script [ 'prestart', 'start', 'poststart' ]
5 info lifecycle ninjafit-gym-api@1.0.0~prestart: ninjafit-gym-api@1.0.0
6 silly lifecycle ninjafit-gym-api@1.0.0~prestart: no script for prestart, continuing
7 info lifecycle ninjafit-gym-api@1.0.0~start: ninjafit-gym-api@1.0.0
8 verbose lifecycle ninjafit-gym-api@1.0.0~start: unsafe-perm in lifecycle true
9 verbose lifecycle ninjafit-gym-api@1.0.0~start: PATH: /Users/raiden.kaneda/.nvm/versions/node/v6.10.3/lib/node_modules/npm/bin/node-gyp-bin:/Users/raiden.kaneda/Documents/ninjafit/ninjafit1.0.api/node_modules/.bin:/Users/raiden.kaneda/.nvm/versions/node/v6.10.3/bin:/Library/PostgreSQL/10/bin:/Users/raiden.kaneda/.nvm/versions/node/v6.10.3/bin:/usr/local/bin:/usr/bin:/bin:/usr/sbin:/sbin
10 verbose lifecycle ninjafit-gym-api@1.0.0~start: CWD: /Users/raiden.kaneda/Documents/ninjafit/ninjafit1.0.api
11 silly lifecycle ninjafit-gym-api@1.0.0~start: Args: [ '-c', 'node app' ]
12 silly lifecycle ninjafit-gym-api@1.0.0~start: Returned: code: 1  signal: null
13 info lifecycle ninjafit-gym-api@1.0.0~start: Failed to exec start script
14 verbose stack Error: ninjafit-gym-api@1.0.0 start: `node app`
14 verbose stack Exit status 1
14 verbose stack     at EventEmitter.<anonymous> (/Users/raiden.kaneda/.nvm/versions/node/v6.10.3/lib/node_modules/npm/lib/utils/lifecycle.js:245:16)
14 verbose stack     at emitTwo (events.js:106:13)
14 verbose stack     at EventEmitter.emit (events.js:191:7)
14 verbose stack     at ChildProcess.<anonymous> (/Users/raiden.kaneda/.nvm/versions/node/v6.10.3/lib/node_modules/npm/lib/utils/spawn.js:24:14)
14 verbose stack     at emitTwo (events.js:106:13)
14 verbose stack     at ChildProcess.emit (events.js:191:7)
14 verbose stack     at maybeClose (internal/child_process.js:886:16)
14 verbose stack     at Process.ChildProcess._handle.onexit (internal/child_process.js:226:5)
15 verbose pkgid ninjafit-gym-api@1.0.0
16 verbose cwd /Users/raiden.kaneda/Documents/ninjafit/ninjafit1.0.api
17 error Darwin 16.7.0
18 error argv "/Users/raiden.kaneda/.nvm/versions/node/v6.10.3/bin/node" "/Users/raiden.kaneda/.nvm/versions/node/v6.10.3/bin/npm" "run" "start"
19 error node v6.10.3
20 error npm  v3.8.9
21 error code ELIFECYCLE
22 error ninjafit-gym-api@1.0.0 start: `node app`
22 error Exit status 1
23 error Failed at the ninjafit-gym-api@1.0.0 start script 'node app'.
23 error Make sure you have the latest version of node.js and npm installed.
23 error If you do, this is most likely a problem with the ninjafit-gym-api package,
23 error not with npm itself.
23 error Tell the author that this fails on your system:
23 error     node app
23 error You can get information on how to open an issue for this project with:
23 error     npm bugs ninjafit-gym-api
23 error Or if that isn't available, you can get their info via:
23 error     npm owner ls ninjafit-gym-api
23 error There is likely additional logging output above.
24 verbose exit [ 1, true ]
